<?xml version="1.0" encoding="UTF-8"?>
<testng-results ignored="0" total="1" passed="1" failed="0" skipped="0">
  <reporter-output>
  </reporter-output>
  <suite started-at="2026-03-04T11:23:17 IST" name="WordPress Suite" finished-at="2026-03-04T11:23:46 IST" duration-ms="28487">
    <groups>
      <group name="cucumber">
        <method signature="AbstractTestNGCucumberTests.runScenario(io.cucumber.testng.PickleWrapper,io.cucumber.testng.FeatureWrapper)[pri:0, instance:runner.TestRunner@f5958c9]" name="runScenario" class="io.cucumber.testng.AbstractTestNGCucumberTests"/>
      </group> <!-- cucumber -->
    </groups>
    <test started-at="2026-03-04T11:23:17 IST" name="WordPress Test" finished-at="2026-03-04T11:23:46 IST" duration-ms="28487">
      <class name="runner.TestRunner">
        <test-method is-config="true" signature="setUpClass(org.testng.ITestContext)[pri:0, instance:runner.TestRunner@f5958c9]" started-at="2026-03-04T11:23:17 IST" name="setUpClass" finished-at="2026-03-04T11:23:17 IST" duration-ms="200" status="PASS">
          <params>
            <param index="0">
              <value>
                <![CDATA[org.testng.TestRunner@a7ad6e5]]>
              </value>
            </param>
          </params>
          <reporter-output>
          </reporter-output>
        </test-method> <!-- setUpClass -->
        <test-method signature="runScenario(io.cucumber.testng.PickleWrapper,io.cucumber.testng.FeatureWrapper)[pri:0, instance:runner.TestRunner@f5958c9]" started-at="2026-03-04T11:23:17 IST" name="runScenario" description="Runs Cucumber Scenarios" data-provider="scenarios" finished-at="2026-03-04T11:23:46 IST" duration-ms="28241" status="PASS">
          <params>
            <param index="0">
              <value>
                <![CDATA["Validate WordPress Website functionalities"]]>
              </value>
            </param>
            <param index="1">
              <value>
                <![CDATA["Validate WordPress Website"]]>
              </value>
            </param>
          </params>
          <reporter-output>
          </reporter-output>
        </test-method> <!-- runScenario -->
        <test-method is-config="true" signature="tearDownClass()[pri:0, instance:runner.TestRunner@f5958c9]" started-at="2026-03-04T11:23:46 IST" name="tearDownClass" finished-at="2026-03-04T11:23:46 IST" duration-ms="4" status="PASS">
          <reporter-output>
          </reporter-output>
        </test-method> <!-- tearDownClass -->
      </class> <!-- runner.TestRunner -->
    </test> <!-- WordPress Test -->
  </suite> <!-- WordPress Suite -->
</testng-results>
